#
# A fatal error has been detected by the Java Runtime Environment:
#
#  EXCEPTION_ACCESS_VIOLATION (0xc0000005) at pc=0x661d11f9, pid=5980, tid=1172
#
# JRE version: Java(TM) SE Runtime Environment (7.0_45-b18) (build 1.7.0_45-b18)
# Java VM: Java HotSpot(TM) Client VM (24.45-b08 mixed mode, sharing windows-x86 )
# Problematic frame:
# V  [jvm.dll+0xc11f9]
#
# Failed to write core dump. Minidumps are not enabled by default on client versions of Windows
#
# If you would like to submit a bug report, please visit:
#   http://bugreport.sun.com/bugreport/crash.jsp
#

---------------  T H R E A D  ---------------

Current thread (0x03e00000):  JavaThread "AWT-EventQueue-0" [_thread_in_vm, id=1172, stack(0x04b10000,0x04b60000)]

siginfo: ExceptionCode=0xc0000005, reading address 0x00000000

Registers:
EAX=0x00000000, EBX=0x03e00000, ECX=0x00000000, EDX=0x00000000
ESP=0x04b5df44, EBP=0x04b5df58, ESI=0x0016a980, EDI=0x03e00130
EIP=0x661d11f9, EFLAGS=0x00010246

Top of Stack: (sp=0x04b5df44)
0x04b5df44:   336b3048 03e00000 00000000 23951af8
0x04b5df54:   336b3048 04b5df88 6c2c1b0a 03e00130
0x04b5df64:   00000000 00000000 6c2c562c 23951af8
0x04b5df74:   6c2c5606 04b5dfb4 336b3048 336b3040
0x04b5df84:   03e00000 04b5dfd4 01cab055 03e00130
0x04b5df94:   04b5dfe8 00000000 04b5dfbc 336d57c0
0x04b5dfa4:   00000000 04b5dfac 00000000 23a7d3a0
0x04b5dfb4:   04b5dfac 00000000 04b5dfe8 336b87e0 

Instructions: (pc=0x661d11f9)
0x661d11d9:   f4 ff 83 c4 08 83 7b 04 00 89 5d f0 c7 45 f4 00
0x661d11e9:   00 00 00 74 08 8d 4d f0 e8 ba ab 0c 00 8b 45 0c
0x661d11f9:   8b 00 56 57 50 89 45 0c e8 0a 4a f7 ff 83 c4 04
0x661d1209:   80 3d 30 01 45 66 00 8d 70 01 74 0c 6a 00 e8 04 


Register to memory mapping:

EAX=0x00000000 is an unknown value
EBX=0x03e00000 is a thread
ECX=0x00000000 is an unknown value
EDX=0x00000000 is an unknown value
ESP=0x04b5df44 is pointing into the stack for thread: 0x03e00000
EBP=0x04b5df58 is pointing into the stack for thread: 0x03e00000
ESI=0x0016a980 is an unknown value
EDI=0x03e00130 is an unknown value


Stack: [0x04b10000,0x04b60000],  sp=0x04b5df44,  free space=311k
Native frames: (J=compiled Java code, j=interpreted, Vv=VM code, C=native code)
V  [jvm.dll+0xc11f9]
C  [libsqlitejdbc-7099367483979732460.lib+0x1b0a]
j  org.sqlite.NativeDB.prepare(Ljava/lang/String;)J+0
j  org.sqlite.DB.prepare(Lorg/sqlite/Stmt;)V+21
j  org.sqlite.PrepStmt.<init>(Lorg/sqlite/Conn;Ljava/lang/String;)V+15
j  org.sqlite.Conn.prepareStatement(Ljava/lang/String;III)Ljava/sql/PreparedStatement;+14
j  org.sqlite.Conn.prepareStatement(Ljava/lang/String;II)Ljava/sql/PreparedStatement;+5
j  org.sqlite.Conn.prepareStatement(Ljava/lang/String;)Ljava/sql/PreparedStatement;+8
j  Calendar.editMyTable(ILjava/lang/String;Ljava/lang/String;Ljava/lang/String;Ljava/lang/String;Ljava/lang/String;)V+40
j  Calendar.jbtEditActionPerformed(Ljava/awt/event/ActionEvent;)V+151
j  Calendar.access$600(LCalendar;Ljava/awt/event/ActionEvent;)V+2
j  Calendar$8.actionPerformed(Ljava/awt/event/ActionEvent;)V+5
j  javax.swing.AbstractButton.fireActionPerformed(Ljava/awt/event/ActionEvent;)V+84
j  javax.swing.AbstractButton$Handler.actionPerformed(Ljava/awt/event/ActionEvent;)V+5
j  javax.swing.DefaultButtonModel.fireActionPerformed(Ljava/awt/event/ActionEvent;)V+35
j  javax.swing.DefaultButtonModel.setPressed(Z)V+117
j  javax.swing.plaf.basic.BasicButtonListener.mouseReleased(Ljava/awt/event/MouseEvent;)V+35
j  java.awt.Component.processMouseEvent(Ljava/awt/event/MouseEvent;)V+64
j  javax.swing.JComponent.processMouseEvent(Ljava/awt/event/MouseEvent;)V+23
j  java.awt.Component.processEvent(Ljava/awt/AWTEvent;)V+81
j  java.awt.Container.processEvent(Ljava/awt/AWTEvent;)V+18
j  java.awt.Component.dispatchEventImpl(Ljava/awt/AWTEvent;)V+581
j  java.awt.Container.dispatchEventImpl(Ljava/awt/AWTEvent;)V+42
J  java.awt.LightweightDispatcher.retargetMouseEvent(Ljava/awt/Component;ILjava/awt/event/MouseEvent;)V
j  java.awt.LightweightDispatcher.dispatchEvent(Ljava/awt/AWTEvent;)Z+50
j  java.awt.Container.dispatchEventImpl(Ljava/awt/AWTEvent;)V+12
j  java.awt.Window.dispatchEventImpl(Ljava/awt/AWTEvent;)V+19
j  java.awt.Component.dispatchEvent(Ljava/awt/AWTEvent;)V+2
j  java.awt.EventQueue.dispatchEventImpl(Ljava/awt/AWTEvent;Ljava/lang/Object;)V+41
j  java.awt.EventQueue.access$200(Ljava/awt/EventQueue;Ljava/awt/AWTEvent;Ljava/lang/Object;)V+3
j  java.awt.EventQueue$3.run()Ljava/lang/Void;+12
j  java.awt.EventQueue$3.run()Ljava/lang/Object;+1
v  ~StubRoutines::call_stub
V  [jvm.dll+0x13f1fa]
V  [jvm.dll+0x202aee]
V  [jvm.dll+0x13f27d]
V  [jvm.dll+0xfa85a]
C  [java.dll+0x102f]
J  java.security.ProtectionDomain$1.doIntersectionPrivilege(Ljava/security/PrivilegedAction;Ljava/security/AccessControlContext;Ljava/security/AccessControlContext;)Ljava/lang/Object;
j  java.awt.EventQueue$4.run()Ljava/lang/Void;+11
j  java.awt.EventQueue$4.run()Ljava/lang/Object;+1
v  ~StubRoutines::call_stub
V  [jvm.dll+0x13f1fa]
V  [jvm.dll+0x202aee]
V  [jvm.dll+0x13f27d]
V  [jvm.dll+0xfa85a]
C  [java.dll+0x102f]
J  java.security.ProtectionDomain$1.doIntersectionPrivilege(Ljava/security/PrivilegedAction;Ljava/security/AccessControlContext;Ljava/security/AccessControlContext;)Ljava/lang/Object;
J  java.awt.EventDispatchThread.pumpOneEventForFilters(I)V
j  java.awt.EventDispatchThread.pumpEventsForHierarchy(ILjava/awt/Conditional;Ljava/awt/Component;)V+11
j  java.awt.EventDispatchThread.pumpEvents(ILjava/awt/Conditional;)V+4
j  java.awt.EventDispatchThread.pumpEvents(Ljava/awt/Conditional;)V+3
j  java.awt.EventDispatchThread.run()V+9
v  ~StubRoutines::call_stub
V  [jvm.dll+0x13f1fa]
V  [jvm.dll+0x202aee]
V  [jvm.dll+0x13f3c5]
V  [jvm.dll+0x13f427]
V  [jvm.dll+0xeb81f]
V  [jvm.dll+0x16042c]
V  [jvm.dll+0x160e67]
V  [jvm.dll+0x1a49f9]
C  [msvcr100.dll+0x5c556]
C  [msvcr100.dll+0x5c600]
C  [kernel32.dll+0x51174]
C  [ntdll.dll+0x5b3f5]
C  [ntdll.dll+0x5b3c8]

Java frames: (J=compiled Java code, j=interpreted, Vv=VM code)
j  org.sqlite.NativeDB.prepare(Ljava/lang/String;)J+0
j  org.sqlite.DB.prepare(Lorg/sqlite/Stmt;)V+21
j  org.sqlite.PrepStmt.<init>(Lorg/sqlite/Conn;Ljava/lang/String;)V+15
j  org.sqlite.Conn.prepareStatement(Ljava/lang/String;III)Ljava/sql/PreparedStatement;+14
j  org.sqlite.Conn.prepareStatement(Ljava/lang/String;II)Ljava/sql/PreparedStatement;+5
j  org.sqlite.Conn.prepareStatement(Ljava/lang/String;)Ljava/sql/PreparedStatement;+8
j  Calendar.editMyTable(ILjava/lang/String;Ljava/lang/String;Ljava/lang/String;Ljava/lang/String;Ljava/lang/String;)V+40
j  Calendar.jbtEditActionPerformed(Ljava/awt/event/ActionEvent;)V+151
j  Calendar.access$600(LCalendar;Ljava/awt/event/ActionEvent;)V+2
j  Calendar$8.actionPerformed(Ljava/awt/event/ActionEvent;)V+5
j  javax.swing.AbstractButton.fireActionPerformed(Ljava/awt/event/ActionEvent;)V+84
j  javax.swing.AbstractButton$Handler.actionPerformed(Ljava/awt/event/ActionEvent;)V+5
j  javax.swing.DefaultButtonModel.fireActionPerformed(Ljava/awt/event/ActionEvent;)V+35
j  javax.swing.DefaultButtonModel.setPressed(Z)V+117
j  javax.swing.plaf.basic.BasicButtonListener.mouseReleased(Ljava/awt/event/MouseEvent;)V+35
j  java.awt.Component.processMouseEvent(Ljava/awt/event/MouseEvent;)V+64
j  javax.swing.JComponent.processMouseEvent(Ljava/awt/event/MouseEvent;)V+23
j  java.awt.Component.processEvent(Ljava/awt/AWTEvent;)V+81
j  java.awt.Container.processEvent(Ljava/awt/AWTEvent;)V+18
j  java.awt.Component.dispatchEventImpl(Ljava/awt/AWTEvent;)V+581
j  java.awt.Container.dispatchEventImpl(Ljava/awt/AWTEvent;)V+42
J  java.awt.LightweightDispatcher.retargetMouseEvent(Ljava/awt/Component;ILjava/awt/event/MouseEvent;)V
j  java.awt.LightweightDispatcher.processMouseEvent(Ljava/awt/event/MouseEvent;)Z+139
j  java.awt.LightweightDispatcher.dispatchEvent(Ljava/awt/AWTEvent;)Z+50
j  java.awt.Container.dispatchEventImpl(Ljava/awt/AWTEvent;)V+12
j  java.awt.Window.dispatchEventImpl(Ljava/awt/AWTEvent;)V+19
j  java.awt.Component.dispatchEvent(Ljava/awt/AWTEvent;)V+2
j  java.awt.EventQueue.dispatchEventImpl(Ljava/awt/AWTEvent;Ljava/lang/Object;)V+41
j  java.awt.EventQueue.access$200(Ljava/awt/EventQueue;Ljava/awt/AWTEvent;Ljava/lang/Object;)V+3
j  java.awt.EventQueue$3.run()Ljava/lang/Void;+12
j  java.awt.EventQueue$3.run()Ljava/lang/Object;+1
v  ~StubRoutines::call_stub
J  java.security.AccessController.doPrivileged(Ljava/security/PrivilegedAction;Ljava/security/AccessControlContext;)Ljava/lang/Object;
J  java.security.ProtectionDomain$1.doIntersectionPrivilege(Ljava/security/PrivilegedAction;Ljava/security/AccessControlContext;Ljava/security/AccessControlContext;)Ljava/lang/Object;
j  java.security.ProtectionDomain$1.doIntersectionPrivilege(Ljava/security/PrivilegedAction;Ljava/security/AccessControlContext;)Ljava/lang/Object;+6
j  java.awt.EventQueue$4.run()Ljava/lang/Void;+11
j  java.awt.EventQueue$4.run()Ljava/lang/Object;+1
v  ~StubRoutines::call_stub
J  java.security.AccessController.doPrivileged(Ljava/security/PrivilegedAction;Ljava/security/AccessControlContext;)Ljava/lang/Object;
J  java.security.ProtectionDomain$1.doIntersectionPrivilege(Ljava/security/PrivilegedAction;Ljava/security/AccessControlContext;Ljava/security/AccessControlContext;)Ljava/lang/Object;
j  java.awt.EventQueue.dispatchEvent(Ljava/awt/AWTEvent;)V+73
J  java.awt.EventDispatchThread.pumpOneEventForFilters(I)V
j  java.awt.EventDispatchThread.pumpEventsForFilter(ILjava/awt/Conditional;Ljava/awt/EventFilter;)V+35
j  java.awt.EventDispatchThread.pumpEventsForHierarchy(ILjava/awt/Conditional;Ljava/awt/Component;)V+11
j  java.awt.EventDispatchThread.pumpEvents(ILjava/awt/Conditional;)V+4
j  java.awt.EventDispatchThread.pumpEvents(Ljava/awt/Conditional;)V+3
j  java.awt.EventDispatchThread.run()V+9
v  ~StubRoutines::call_stub

---------------  P R O C E S S  ---------------

Java Threads: ( => current thread )
  0x0068c400 JavaThread "XML-RPC Weblistener" [_thread_in_native, id=3996, stack(0x05480000,0x054d0000)]
  0x03e79800 JavaThread "TimerQueue" daemon [_thread_blocked, id=744, stack(0x053d0000,0x05420000)]
  0x0019bc00 JavaThread "DestroyJavaVM" [_thread_blocked, id=5756, stack(0x00c40000,0x00c90000)]
=>0x03e00000 JavaThread "AWT-EventQueue-0" [_thread_in_vm, id=1172, stack(0x04b10000,0x04b60000)]
  0x03db2c00 JavaThread "AWT-Windows" daemon [_thread_in_native, id=2660, stack(0x04020000,0x04070000)]
  0x03db2000 JavaThread "AWT-Shutdown" [_thread_blocked, id=4236, stack(0x04170000,0x041c0000)]
  0x03d8d000 JavaThread "Java2D Disposer" daemon [_thread_blocked, id=6128, stack(0x00e40000,0x00e90000)]
  0x00668400 JavaThread "Service Thread" daemon [_thread_blocked, id=1232, stack(0x00360000,0x003b0000)]
  0x00663400 JavaThread "C1 CompilerThread0" daemon [_thread_blocked, id=796, stack(0x03d00000,0x03d50000)]
  0x00662000 JavaThread "Attach Listener" daemon [_thread_blocked, id=6124, stack(0x00d30000,0x00d80000)]
  0x0065f000 JavaThread "Signal Dispatcher" daemon [_thread_blocked, id=4344, stack(0x00dc0000,0x00e10000)]
  0x005f5c00 JavaThread "Finalizer" daemon [_thread_blocked, id=4080, stack(0x00f00000,0x00f50000)]
  0x005f0c00 JavaThread "Reference Handler" daemon [_thread_blocked, id=5772, stack(0x00f60000,0x00fb0000)]

Other Threads:
  0x005eec00 VMThread [stack: 0x00eb0000,0x00f00000] [id=2752]
  0x00682c00 WatcherThread [stack: 0x01020000,0x01070000] [id=3460]

VM state:not at safepoint (normal execution)

VM Mutex/Monitor currently owned by a thread: None

Heap
 def new generation   total 4928K, used 4453K [0x23580000, 0x23ad0000, 0x28ad0000)
  eden space 4416K,  89% used [0x23580000, 0x23959500, 0x239d0000)
  from space 512K, 100% used [0x23a50000, 0x23ad0000, 0x23ad0000)
  to   space 512K,   0% used [0x239d0000, 0x239d0000, 0x23a50000)
 tenured generation   total 10944K, used 665K [0x28ad0000, 0x29580000, 0x33580000)
   the space 10944K,   6% used [0x28ad0000, 0x28b767c8, 0x28b76800, 0x29580000)
 compacting perm gen  total 12288K, used 1896K [0x33580000, 0x34180000, 0x37580000)
   the space 12288K,  15% used [0x33580000, 0x3375a1c8, 0x3375a200, 0x34180000)
    ro space 10240K,  44% used [0x37580000, 0x379f7808, 0x379f7a00, 0x37f80000)
    rw space 12288K,  52% used [0x37f80000, 0x385ce610, 0x385ce800, 0x38b80000)

Card table byte_map: [0x00b80000,0x00c30000] byte_map_base: 0x00a65400

Polling page: 0x00140000

Code Cache  [0x01ca0000, 0x01da0000, 0x03ca0000)
 total_blobs=573 nmethods=335 adapters=175 free_code_cache=31756Kb largest_free_block=32518336

Compilation events (10 events):
Event: 10.884 Thread 0x00663400  331             java.awt.image.Raster::getHeight (5 bytes)
Event: 10.885 Thread 0x00663400 nmethod 331 0x01d9bf08 code [0x01d9c000, 0x01d9c080]
Event: 10.887 Thread 0x00663400  332             java.awt.Component::isShowing (38 bytes)
Event: 10.888 Thread 0x00663400 nmethod 332 0x01d9c0c8 code [0x01d9c1d0, 0x01d9c2bc]
Event: 11.169 Thread 0x00663400  333   !         java.awt.EventQueue::setCurrentEventAndMostRecentTimeImpl (169 bytes)
Event: 11.171 Thread 0x00663400 nmethod 333 0x01d9c308 code [0x01d9c470, 0x01d9c82c]
Event: 11.322 Thread 0x00663400  334             java.lang.Thread::interrupted (8 bytes)
Event: 11.322 Thread 0x00663400 nmethod 334 0x01d9cb48 code [0x01d9cc40, 0x01d9ccdc]
Event: 11.552 Thread 0x00663400  335             java.awt.Component::contains (7 bytes)
Event: 11.553 Thread 0x00663400 nmethod 335 0x01d9cd48 code [0x01d9ce40, 0x01d9cf00]

GC Heap History (2 events):
Event: 0.670 GC heap before
{Heap before GC invocations=0 (full 0):
 def new generation   total 4928K, used 4416K [0x23580000, 0x23ad0000, 0x28ad0000)
  eden space 4416K, 100% used [0x23580000, 0x239d0000, 0x239d0000)
  from space 512K,   0% used [0x239d0000, 0x239d0000, 0x23a50000)
  to   space 512K,   0% used [0x23a50000, 0x23a50000, 0x23ad0000)
 tenured generation   total 10944K, used 0K [0x28ad0000, 0x29580000, 0x33580000)
   the space 10944K,   0% used [0x28ad0000, 0x28ad0000, 0x28ad0200, 0x29580000)
 compacting perm gen  total 12288K, used 1347K [0x33580000, 0x34180000, 0x37580000)
   the space 12288K,  10% used [0x33580000, 0x336d0f00, 0x336d1000, 0x34180000)
    ro space 10240K,  44% used [0x37580000, 0x379f7808, 0x379f7a00, 0x37f80000)
    rw space 12288K,  52% used [0x37f80000, 0x385ce610, 0x385ce800, 0x38b80000)
Event: 0.678 GC heap after
Heap after GC invocations=1 (full 0):
 def new generation   total 4928K, used 512K [0x23580000, 0x23ad0000, 0x28ad0000)
  eden space 4416K,   0% used [0x23580000, 0x23580000, 0x239d0000)
  from space 512K, 100% used [0x23a50000, 0x23ad0000, 0x23ad0000)
  to   space 512K,   0% used [0x239d0000, 0x239d0000, 0x23a50000)
 tenured generation   total 10944K, used 665K [0x28ad0000, 0x29580000, 0x33580000)
   the space 10944K,   6% used [0x28ad0000, 0x28b767c8, 0x28b76800, 0x29580000)
 compacting perm gen  total 12288K, used 1347K [0x33580000, 0x34180000, 0x37580000)
   the space 12288K,  10% used [0x33580000, 0x336d0f00, 0x336d1000, 0x34180000)
    ro space 10240K,  44% used [0x37580000, 0x379f7808, 0x379f7a00, 0x37f80000)
    rw space 12288K,  52% used [0x37f80000, 0x385ce610, 0x385ce800, 0x38b80000)
}

Deoptimization events (0 events):
No events

Internal exceptions (10 events):
Event: 0.737 Thread 0x0019bc00 Threw 0x236c1800 at C:\re\jdk7u45\229\hotspot\src\share\vm\prims\jvm.cpp:1244
Event: 0.739 Thread 0x0019bc00 Threw 0x236c5150 at C:\re\jdk7u45\229\hotspot\src\share\vm\prims\jvm.cpp:1244
Event: 0.740 Thread 0x0019bc00 Threw 0x236cbb38 at C:\re\jdk7u45\229\hotspot\src\share\vm\prims\jvm.cpp:1244
Event: 0.741 Thread 0x0019bc00 Threw 0x236cfc08 at C:\re\jdk7u45\229\hotspot\src\share\vm\prims\jvm.cpp:1244
Event: 0.741 Thread 0x0019bc00 Threw 0x236d3678 at C:\re\jdk7u45\229\hotspot\src\share\vm\prims\jvm.cpp:1244
Event: 0.741 Thread 0x0019bc00 Threw 0x236d5d18 at C:\re\jdk7u45\229\hotspot\src\share\vm\prims\jvm.cpp:1244
Event: 0.742 Thread 0x0019bc00 Threw 0x236dba58 at C:\re\jdk7u45\229\hotspot\src\share\vm\prims\jvm.cpp:1244
Event: 0.742 Thread 0x0019bc00 Threw 0x236de408 at C:\re\jdk7u45\229\hotspot\src\share\vm\prims\jvm.cpp:1244
Event: 0.743 Thread 0x0019bc00 Threw 0x236e0d68 at C:\re\jdk7u45\229\hotspot\src\share\vm\prims\jvm.cpp:1244
Event: 10.864 Thread 0x0068c400 Threw 0x239161d0 at C:\re\jdk7u45\229\hotspot\src\share\vm\prims\jvm.cpp:1244

Events (10 events):
Event: 10.875 loading class 0x03d5fce8
Event: 10.875 loading class 0x006b3548
Event: 10.875 loading class 0x006b3548 done
Event: 10.875 loading class 0x03d5fce8 done
Event: 10.875 loading class 0x03d5fc38
Event: 10.875 loading class 0x03d5fc38 done
Event: 11.881 loading class 0x38c67570
Event: 11.881 loading class 0x38c67570 done
Event: 11.881 loading class 0x38c67d48
Event: 11.881 loading class 0x38c67d48 done


Dynamic libraries:
0x01070000 - 0x0109f000 	C:\Program Files\Java\jdk1.7.0_45\bin\java.exe
0x77190000 - 0x772cc000 	C:\Windows\SYSTEM32\ntdll.dll
0x76460000 - 0x76534000 	C:\Windows\system32\kernel32.dll
0x753a0000 - 0x753ea000 	C:\Windows\system32\KERNELBASE.dll
0x75eb0000 - 0x75f50000 	C:\Windows\system32\ADVAPI32.dll
0x75e00000 - 0x75eac000 	C:\Windows\system32\msvcrt.dll
0x75d10000 - 0x75d29000 	C:\Windows\SYSTEM32\sechost.dll
0x76120000 - 0x761c1000 	C:\Windows\system32\RPCRT4.dll
0x75d30000 - 0x75df9000 	C:\Windows\system32\USER32.dll
0x760d0000 - 0x7611e000 	C:\Windows\system32\GDI32.dll
0x75fa0000 - 0x75faa000 	C:\Windows\system32\LPK.dll
0x77320000 - 0x773bd000 	C:\Windows\system32\USP10.dll
0x748a0000 - 0x74a3e000 	C:\Windows\WinSxS\x86_microsoft.windows.common-controls_6595b64144ccf1df_6.0.7600.16385_none_421189da2b7fabfc\COMCTL32.dll
0x759e0000 - 0x75a37000 	C:\Windows\system32\SHLWAPI.dll
0x757f0000 - 0x7580f000 	C:\Windows\system32\IMM32.DLL
0x76390000 - 0x7645c000 	C:\Windows\system32\MSCTF.dll
0x66050000 - 0x6610f000 	C:\Program Files\Java\jdk1.7.0_45\jre\bin\msvcr100.dll
0x66110000 - 0x66490000 	C:\Program Files\Java\jdk1.7.0_45\jre\bin\client\jvm.dll
0x713e0000 - 0x713e7000 	C:\Windows\system32\WSOCK32.dll
0x772d0000 - 0x77305000 	C:\Windows\system32\WS2_32.dll
0x75a40000 - 0x75a46000 	C:\Windows\system32\NSI.dll
0x73a10000 - 0x73a42000 	C:\Windows\system32\WINMM.dll
0x77310000 - 0x77315000 	C:\Windows\system32\PSAPI.DLL
0x6e2f0000 - 0x6e2fc000 	C:\Program Files\Java\jdk1.7.0_45\jre\bin\verify.dll
0x66030000 - 0x66050000 	C:\Program Files\Java\jdk1.7.0_45\jre\bin\java.dll
0x66520000 - 0x66533000 	C:\Program Files\Java\jdk1.7.0_45\jre\bin\zip.dll
0x65d30000 - 0x65e73000 	C:\Program Files\Java\jdk1.7.0_45\jre\bin\awt.dll
0x758d0000 - 0x7595f000 	C:\Windows\system32\OLEAUT32.dll
0x75680000 - 0x757dc000 	C:\Windows\system32\ole32.dll
0x73bb0000 - 0x73bc3000 	C:\Windows\system32\DWMAPI.DLL
0x73d10000 - 0x73d50000 	C:\Windows\system32\uxtheme.dll
0x75270000 - 0x7527c000 	C:\Windows\system32\CRYPTBASE.dll
0x76540000 - 0x77189000 	C:\Windows\system32\SHELL32.dll
0x66010000 - 0x66024000 	C:\Program Files\Java\jdk1.7.0_45\jre\bin\net.dll
0x74d60000 - 0x74d9c000 	C:\Windows\system32\mswsock.dll
0x74d50000 - 0x74d56000 	C:\Windows\System32\wship6.dll
0x6e730000 - 0x6e73f000 	C:\Program Files\Java\jdk1.7.0_45\jre\bin\nio.dll
0x664e0000 - 0x66518000 	C:\Program Files\Java\jdk1.7.0_45\jre\bin\fontmanager.dll
0x75840000 - 0x758c3000 	C:\Windows\system32\CLBCatQ.DLL
0x73a50000 - 0x73b4b000 	C:\Windows\system32\WindowsCodecs.dll
0x75220000 - 0x7526b000 	C:\Windows\system32\apphelp.dll
0x6dcf0000 - 0x6dd44000 	C:\Program Files\AVAST Software\Avast\ashShell.dll
0x6dab0000 - 0x6dcf0000 	C:\Windows\system32\msi.dll
0x6da70000 - 0x6daa1000 	C:\Windows\system32\EhStorShell.dll
0x75b70000 - 0x75d0d000 	C:\Windows\system32\SETUPAPI.dll
0x75530000 - 0x75557000 	C:\Windows\system32\CFGMGR32.dll
0x75510000 - 0x75522000 	C:\Windows\system32\DEVOBJ.dll
0x73d50000 - 0x73e45000 	C:\Windows\system32\PROPSYS.dll
0x6d930000 - 0x6d99a000 	C:\Windows\System32\cscui.dll
0x6d920000 - 0x6d929000 	C:\Windows\System32\CSCDLL.dll
0x6d910000 - 0x6d91b000 	C:\Windows\system32\CSCAPI.dll
0x6d810000 - 0x6d87f000 	C:\Windows\system32\ntshrui.dll
0x75040000 - 0x75059000 	C:\Windows\system32\srvcli.dll
0x73710000 - 0x7371a000 	C:\Windows\system32\slc.dll
0x04d60000 - 0x05237000 	C:\Program Files\Protector Suite\farchns.dll
0x74710000 - 0x748a0000 	C:\Windows\WinSxS\x86_microsoft.windows.gdiplus_6595b64144ccf1df_1.1.7600.16385_none_72fc7cbf861225ca\gdiplus.dll
0x74600000 - 0x7469b000 	C:\Windows\WinSxS\x86_microsoft.vc80.crt_1fc8b3b9a1e18e3b_8.0.50727.4927_none_d08a205e442db5b5\MSVCR80.dll
0x00fb0000 - 0x0101b000 	C:\Program Files\Protector Suite\infql2.dll
0x745f0000 - 0x745f9000 	C:\Windows\system32\VERSION.dll
0x65fa0000 - 0x65fd0000 	C:\Program Files\Java\jdk1.7.0_45\jre\bin\t2k.dll
0x74da0000 - 0x74db6000 	C:\Windows\system32\CRYPTSP.dll
0x74b40000 - 0x74b7b000 	C:\Windows\system32\rsaenh.dll
0x744d0000 - 0x744e7000 	C:\Windows\system32\USERENV.dll
0x75320000 - 0x7532b000 	C:\Windows\system32\profapi.dll
0x737e0000 - 0x737f0000 	C:\Windows\system32\NLAapi.dll
0x74c20000 - 0x74c64000 	C:\Windows\system32\DNSAPI.dll
0x70160000 - 0x70168000 	C:\Windows\System32\winrnr.dll
0x70150000 - 0x70160000 	C:\Windows\system32\napinsp.dll
0x70130000 - 0x70142000 	C:\Windows\system32\pnrpnsp.dll
0x70120000 - 0x7012d000 	C:\Windows\system32\wshbth.dll
0x74400000 - 0x74405000 	C:\Windows\System32\wshtcpip.dll
0x73200000 - 0x7321c000 	C:\Windows\system32\IPHLPAPI.DLL
0x718d0000 - 0x718d7000 	C:\Windows\system32\WINNSI.DLL
0x70110000 - 0x70116000 	C:\Windows\system32\rasadhlp.dll
0x717d0000 - 0x71808000 	C:\Windows\System32\fwpuclnt.dll
0x6c2c0000 - 0x6c322000 	C:\Users\dual\AppData\Local\Temp\libsqlitejdbc-7099367483979732460.lib
0x722e0000 - 0x723cb000 	C:\Windows\system32\dbghelp.dll

VM Arguments:
jvm_args: -Dfile.encoding=UTF-8 
java_command: Main
Launcher Type: SUN_STANDARD

Environment Variables:
PATH=C:\Windows\system32;C:\Windows;C:\Windows\System32\Wbem;C:\Windows\System32\WindowsPowerShell\v1.0\;C:\Program Files\Common Files\Roxio Shared\10.0\DLLShared\;C:\Program Files\Common Files\Roxio Shared\DLLShared\;C:\Program Files\Java\jdk1.7.0_45\lib;C:\Program Files\GNU\GnuPG\pub;C:\sqlite;C:\Python27
USERNAME=dual
OS=Windows_NT
PROCESSOR_IDENTIFIER=x86 Family 6 Model 15 Stepping 11, GenuineIntel



---------------  S Y S T E M  ---------------

OS: Windows 7 Build 7600 

CPU:total 2 (2 cores per cpu, 1 threads per core) family 6 model 15 stepping 11, cmov, cx8, fxsr, mmx, sse, sse2, sse3, ssse3, tsc

Memory: 4k page, physical 2611640k(1325036k free), swap 5221516k(3707192k free)

vm_info: Java HotSpot(TM) Client VM (24.45-b08) for windows-x86 JRE (1.7.0_45-b18), built on Oct  8 2013 06:02:43 by "java_re" with unknown MS VC++:1600

time: Sat Dec 07 04:59:35 2013
elapsed time: 11 seconds

